INFO:sim:172 - Generating IP...
Applying current project options...
Finished applying current project options.
Resolving generics for 'gbtx_fifo'...
WARNING:sim - A core named 'gbtx_fifo' already exists in the project. Output
   products for this core may be overwritten.
Applying external generics to 'gbtx_fifo'...
Delivering associated files for 'gbtx_fifo'...
Delivering EJava files for 'gbtx_fifo'...
Generating implementation netlist for 'gbtx_fifo'...
INFO:sim - Pre-processing HDL files for 'gbtx_fifo'...
WARNING:sim - BlackBox generator run option '-ifmt' found multiple times. Only
   the first occurence is considered.
Running synthesis for 'gbtx_fifo'
Running ngcbuild...
Writing VEO instantiation template for 'gbtx_fifo'...
Writing Verilog behavioral simulation model for 'gbtx_fifo'...
WARNING:sim - Overwriting existing file
   /home/madorsky/github/alct/ise/alct_LX100_288bp/src/tmp/_cg/gbtx_fifo/doc/fif
   o_generator_v9_3_vinfo.html with file from view xilinx_documentation
Delivered 3 files into directory
/home/madorsky/github/alct/ise/alct_LX100_288bp/src/tmp/_cg/gbtx_fifo
Delivered 1 file into directory
/home/madorsky/github/alct/ise/alct_LX100_288bp/src/tmp/_cg/gbtx_fifo
Generating ASY schematic symbol...
INFO:sim:949 - Finished generation of ASY schematic symbol.
Generating SYM schematic symbol for 'gbtx_fifo'...
Generating metadata file...
Regenerating ISE project file for 'gbtx_fifo'...
Generating ISE project...
XCO file found: gbtx_fifo.xco
XMDF file found: gbtx_fifo_xmdf.tcl
Adding /home/madorsky/github/alct/ise/alct_LX100_288bp/src/tmp/_cg/gbtx_fifo.asy
-view all -origin_type imported
Adding /home/madorsky/github/alct/ise/alct_LX100_288bp/src/tmp/_cg/gbtx_fifo.ngc
-view all -origin_type created
Checking file
"/home/madorsky/github/alct/ise/alct_LX100_288bp/src/tmp/_cg/gbtx_fifo.ngc" for
project device match ...
File "/home/madorsky/github/alct/ise/alct_LX100_288bp/src/tmp/_cg/gbtx_fifo.ngc"
device information matches project device.
Adding /home/madorsky/github/alct/ise/alct_LX100_288bp/src/tmp/_cg/gbtx_fifo.sym
-view all -origin_type imported
Adding /home/madorsky/github/alct/ise/alct_LX100_288bp/src/tmp/_cg/gbtx_fifo.v
-view all -origin_type created
INFO:HDLCompiler:1845 - Analyzing Verilog file
   "/home/madorsky/github/alct/ise/alct_LX100_288bp/src/tmp/_cg/gbtx_fifo.v"
   into library work
INFO:ProjectMgmt - Parsing design hierarchy completed successfully.
Adding /home/madorsky/github/alct/ise/alct_LX100_288bp/src/tmp/_cg/gbtx_fifo.veo
-view all -origin_type imported
INFO:TclTasksC:2116 - The automatic calculation of top has been turned-off.
   Please set the new top explicitly by running the "project set top" command.
   To re-calculate the new top automatically, set the "Auto Implementation Top"
   property to true.
Top level has been set to "/gbtx_fifo"
Generating README file...
Generating FLIST file...
INFO:sim:948 - Finished FLIST file generation.
Moving files to output directory...
Finished moving files to output directory
Wrote CGP file for project 'gbtx_fifo'.
